{"/home/hardik/Desktop/SDOS/Team_13_speedywash/Components/Footer/Footer.js": {"path":"/home/hardik/Desktop/SDOS/Team_13_speedywash/Components/Footer/Footer.js","statementMap":{"0":{"start":{"line":18,"column":4},"end":{"line":29,"column":5}},"1":{"start":{"line":21,"column":64},"end":{"line":21,"column":135}},"2":{"start":{"line":25,"column":64},"end":{"line":25,"column":138}},"3":{"start":{"line":32,"column":15},"end":{"line":43,"column":2}}},"fnMap":{"0":{"name":"Footer","decl":{"start":{"line":17,"column":9},"end":{"line":17,"column":15}},"loc":{"start":{"line":17,"column":49},"end":{"line":30,"column":1}},"line":17},"1":{"name":"(anonymous_1)","decl":{"start":{"line":21,"column":60},"end":{"line":21,"column":61}},"loc":{"start":{"line":21,"column":64},"end":{"line":21,"column":135}},"line":21},"2":{"name":"(anonymous_2)","decl":{"start":{"line":25,"column":60},"end":{"line":25,"column":61}},"loc":{"start":{"line":25,"column":64},"end":{"line":25,"column":138}},"line":25}},"branchMap":{"0":{"loc":{"start":{"line":22,"column":59},"end":{"line":22,"column":154}},"type":"cond-expr","locations":[{"start":{"line":22,"column":99},"end":{"line":22,"column":126}},{"start":{"line":22,"column":129},"end":{"line":22,"column":154}}],"line":22},"1":{"loc":{"start":{"line":26,"column":66},"end":{"line":26,"column":164}},"type":"cond-expr","locations":[{"start":{"line":26,"column":109},"end":{"line":26,"column":136}},{"start":{"line":26,"column":139},"end":{"line":26,"column":164}}],"line":26}},"s":{"0":1,"1":0,"2":0,"3":1},"f":{"0":1,"1":0,"2":0},"b":{"0":[0,1],"1":[0,1]},"_coverageSchema":"1a1c01bbd47fc00a2c39e90264f33305004495a9","hash":"8233a7ecf9aa218ff273d14f07ecd0e76293465d"}
,"/home/hardik/Desktop/SDOS/Team_13_speedywash/Components/Header/Header.js": {"path":"/home/hardik/Desktop/SDOS/Team_13_speedywash/Components/Header/Header.js","statementMap":{"0":{"start":{"line":18,"column":4},"end":{"line":27,"column":5}},"1":{"start":{"line":22,"column":70},"end":{"line":22,"column":143}},"2":{"start":{"line":30,"column":15},"end":{"line":47,"column":2}}},"fnMap":{"0":{"name":"Header","decl":{"start":{"line":17,"column":9},"end":{"line":17,"column":15}},"loc":{"start":{"line":17,"column":49},"end":{"line":28,"column":1}},"line":17},"1":{"name":"(anonymous_1)","decl":{"start":{"line":22,"column":64},"end":{"line":22,"column":65}},"loc":{"start":{"line":22,"column":70},"end":{"line":22,"column":143}},"line":22}},"branchMap":{},"s":{"0":1,"1":0,"2":1},"f":{"0":1,"1":0},"b":{},"_coverageSchema":"1a1c01bbd47fc00a2c39e90264f33305004495a9","hash":"2f5bf60c0490284b464489641e01672dc850216e"}
,"/home/hardik/Desktop/SDOS/Team_13_speedywash/Components/HomeScreen/HomeScreen.js": {"path":"/home/hardik/Desktop/SDOS/Team_13_speedywash/Components/HomeScreen/HomeScreen.js","statementMap":{"0":{"start":{"line":29,"column":36},"end":{"line":29,"column":48}},"1":{"start":{"line":33,"column":50},"end":{"line":33,"column":64}},"2":{"start":{"line":37,"column":50},"end":{"line":37,"column":64}},"3":{"start":{"line":46,"column":52},"end":{"line":46,"column":64}},"4":{"start":{"line":48,"column":44},"end":{"line":48,"column":55}},"5":{"start":{"line":50,"column":42},"end":{"line":50,"column":54}},"6":{"start":{"line":52,"column":4},"end":{"line":69,"column":10}},"7":{"start":{"line":53,"column":8},"end":{"line":68,"column":10}},"8":{"start":{"line":54,"column":12},"end":{"line":67,"column":13}},"9":{"start":{"line":55,"column":16},"end":{"line":62,"column":18}},"10":{"start":{"line":56,"column":20},"end":{"line":56,"column":44}},"11":{"start":{"line":57,"column":20},"end":{"line":61,"column":21}},"12":{"start":{"line":58,"column":24},"end":{"line":58,"column":64}},"13":{"start":{"line":59,"column":24},"end":{"line":59,"column":91}},"14":{"start":{"line":60,"column":24},"end":{"line":60,"column":57}},"15":{"start":{"line":65,"column":16},"end":{"line":65,"column":47}},"16":{"start":{"line":66,"column":16},"end":{"line":66,"column":41}},"17":{"start":{"line":71,"column":4},"end":{"line":82,"column":10}},"18":{"start":{"line":72,"column":12},"end":{"line":81,"column":14}},"19":{"start":{"line":76,"column":16},"end":{"line":80,"column":17}},"20":{"start":{"line":79,"column":20},"end":{"line":79,"column":55}},"21":{"start":{"line":84,"column":4},"end":{"line":96,"column":10}},"22":{"start":{"line":85,"column":8},"end":{"line":95,"column":10}},"23":{"start":{"line":90,"column":12},"end":{"line":94,"column":13}},"24":{"start":{"line":93,"column":16},"end":{"line":93,"column":46}},"25":{"start":{"line":98,"column":24},"end":{"line":117,"column":5}},"26":{"start":{"line":101,"column":21},"end":{"line":101,"column":38}},"27":{"start":{"line":103,"column":8},"end":{"line":116,"column":15}},"28":{"start":{"line":107,"column":31},"end":{"line":107,"column":55}},"29":{"start":{"line":119,"column":28},"end":{"line":122,"column":5}},"30":{"start":{"line":121,"column":8},"end":{"line":121,"column":58}},"31":{"start":{"line":124,"column":29},"end":{"line":127,"column":5}},"32":{"start":{"line":126,"column":8},"end":{"line":126,"column":98}},"33":{"start":{"line":129,"column":26},"end":{"line":131,"column":5}},"34":{"start":{"line":130,"column":8},"end":{"line":130,"column":20}},"35":{"start":{"line":137,"column":4},"end":{"line":184,"column":5}},"36":{"start":{"line":186,"column":15},"end":{"line":242,"column":2}}},"fnMap":{"0":{"name":"HomeScreen","decl":{"start":{"line":24,"column":9},"end":{"line":24,"column":19}},"loc":{"start":{"line":24,"column":82},"end":{"line":185,"column":1}},"line":24},"1":{"name":"(anonymous_1)","decl":{"start":{"line":52,"column":14},"end":{"line":52,"column":15}},"loc":{"start":{"line":52,"column":20},"end":{"line":69,"column":5}},"line":52},"2":{"name":"(anonymous_2)","decl":{"start":{"line":53,"column":50},"end":{"line":53,"column":51}},"loc":{"start":{"line":53,"column":61},"end":{"line":68,"column":9}},"line":53},"3":{"name":"(anonymous_3)","decl":{"start":{"line":55,"column":83},"end":{"line":55,"column":84}},"loc":{"start":{"line":55,"column":95},"end":{"line":62,"column":17}},"line":55},"4":{"name":"(anonymous_4)","decl":{"start":{"line":71,"column":14},"end":{"line":71,"column":15}},"loc":{"start":{"line":71,"column":20},"end":{"line":82,"column":5}},"line":71},"5":{"name":"(anonymous_5)","decl":{"start":{"line":75,"column":18},"end":{"line":75,"column":19}},"loc":{"start":{"line":75,"column":30},"end":{"line":81,"column":13}},"line":75},"6":{"name":"(anonymous_6)","decl":{"start":{"line":84,"column":14},"end":{"line":84,"column":15}},"loc":{"start":{"line":84,"column":20},"end":{"line":96,"column":5}},"line":84},"7":{"name":"(anonymous_7)","decl":{"start":{"line":89,"column":14},"end":{"line":89,"column":15}},"loc":{"start":{"line":89,"column":26},"end":{"line":95,"column":9}},"line":89},"8":{"name":"(anonymous_8)","decl":{"start":{"line":98,"column":24},"end":{"line":98,"column":25}},"loc":{"start":{"line":98,"column":34},"end":{"line":117,"column":5}},"line":98},"9":{"name":"(anonymous_9)","decl":{"start":{"line":107,"column":25},"end":{"line":107,"column":26}},"loc":{"start":{"line":107,"column":31},"end":{"line":107,"column":55}},"line":107},"10":{"name":"(anonymous_10)","decl":{"start":{"line":119,"column":28},"end":{"line":119,"column":29}},"loc":{"start":{"line":119,"column":32},"end":{"line":122,"column":5}},"line":119},"11":{"name":"(anonymous_11)","decl":{"start":{"line":124,"column":29},"end":{"line":124,"column":30}},"loc":{"start":{"line":124,"column":34},"end":{"line":127,"column":5}},"line":124},"12":{"name":"(anonymous_12)","decl":{"start":{"line":129,"column":26},"end":{"line":129,"column":27}},"loc":{"start":{"line":129,"column":36},"end":{"line":131,"column":5}},"line":129}},"branchMap":{"0":{"loc":{"start":{"line":54,"column":12},"end":{"line":67,"column":13}},"type":"if","locations":[{"start":{"line":54,"column":12},"end":{"line":67,"column":13}},{"start":{"line":54,"column":12},"end":{"line":67,"column":13}}],"line":54},"1":{"loc":{"start":{"line":57,"column":20},"end":{"line":61,"column":21}},"type":"if","locations":[{"start":{"line":57,"column":20},"end":{"line":61,"column":21}},{"start":{"line":57,"column":20},"end":{"line":61,"column":21}}],"line":57},"2":{"loc":{"start":{"line":57,"column":24},"end":{"line":57,"column":47}},"type":"binary-expr","locations":[{"start":{"line":57,"column":24},"end":{"line":57,"column":30}},{"start":{"line":57,"column":34},"end":{"line":57,"column":47}}],"line":57},"3":{"loc":{"start":{"line":76,"column":16},"end":{"line":80,"column":17}},"type":"if","locations":[{"start":{"line":76,"column":16},"end":{"line":80,"column":17}},{"start":{"line":76,"column":16},"end":{"line":80,"column":17}}],"line":76},"4":{"loc":{"start":{"line":76,"column":19},"end":{"line":76,"column":42}},"type":"binary-expr","locations":[{"start":{"line":76,"column":19},"end":{"line":76,"column":25}},{"start":{"line":76,"column":29},"end":{"line":76,"column":42}}],"line":76},"5":{"loc":{"start":{"line":90,"column":12},"end":{"line":94,"column":13}},"type":"if","locations":[{"start":{"line":90,"column":12},"end":{"line":94,"column":13}},{"start":{"line":90,"column":12},"end":{"line":94,"column":13}}],"line":90},"6":{"loc":{"start":{"line":90,"column":15},"end":{"line":90,"column":38}},"type":"binary-expr","locations":[{"start":{"line":90,"column":15},"end":{"line":90,"column":21}},{"start":{"line":90,"column":25},"end":{"line":90,"column":38}}],"line":90},"7":{"loc":{"start":{"line":121,"column":8},"end":{"line":121,"column":58}},"type":"binary-expr","locations":[{"start":{"line":121,"column":8},"end":{"line":121,"column":23}},{"start":{"line":121,"column":27},"end":{"line":121,"column":58}}],"line":121},"8":{"loc":{"start":{"line":126,"column":8},"end":{"line":126,"column":97}},"type":"binary-expr","locations":[{"start":{"line":126,"column":8},"end":{"line":126,"column":62}},{"start":{"line":126,"column":66},"end":{"line":126,"column":97}}],"line":126},"9":{"loc":{"start":{"line":138,"column":8},"end":{"line":183,"column":261}},"type":"cond-expr","locations":[{"start":{"line":138,"column":34},"end":{"line":182,"column":21}},{"start":{"line":183,"column":12},"end":{"line":183,"column":261}}],"line":138},"10":{"loc":{"start":{"line":143,"column":12},"end":{"line":165,"column":19}},"type":"binary-expr","locations":[{"start":{"line":143,"column":12},"end":{"line":143,"column":32}},{"start":{"line":144,"column":12},"end":{"line":165,"column":19}}],"line":143}},"s":{"0":1,"1":1,"2":1,"3":1,"4":1,"5":1,"6":1,"7":0,"8":0,"9":0,"10":0,"11":0,"12":0,"13":0,"14":0,"15":0,"16":0,"17":1,"18":0,"19":0,"20":0,"21":1,"22":0,"23":0,"24":0,"25":1,"26":0,"27":0,"28":0,"29":1,"30":0,"31":1,"32":0,"33":1,"34":0,"35":1,"36":1},"f":{"0":1,"1":0,"2":0,"3":0,"4":0,"5":0,"6":0,"7":0,"8":0,"9":0,"10":0,"11":0,"12":0},"b":{"0":[0,0],"1":[0,0],"2":[0,0],"3":[0,0],"4":[0,0],"5":[0,0],"6":[0,0],"7":[0,0],"8":[0,0],"9":[1,0],"10":[1,1]},"_coverageSchema":"1a1c01bbd47fc00a2c39e90264f33305004495a9","hash":"97386437ae4f42223b2289886e8f4a8835d3945e"}
,"/home/hardik/Desktop/SDOS/Team_13_speedywash/Components/Profile/EditProfile.js": {"path":"/home/hardik/Desktop/SDOS/Team_13_speedywash/Components/Profile/EditProfile.js","statementMap":{"0":{"start":{"line":27,"column":40},"end":{"line":27,"column":73}},"1":{"start":{"line":28,"column":42},"end":{"line":31,"column":6}},"2":{"start":{"line":33,"column":26},"end":{"line":33,"column":113}},"3":{"start":{"line":34,"column":34},"end":{"line":34,"column":85}},"4":{"start":{"line":36,"column":22},"end":{"line":67,"column":5}},"5":{"start":{"line":37,"column":8},"end":{"line":66,"column":11}},"6":{"start":{"line":38,"column":12},"end":{"line":65,"column":13}},"7":{"start":{"line":39,"column":16},"end":{"line":64,"column":18}},"8":{"start":{"line":45,"column":20},"end":{"line":63,"column":21}},"9":{"start":{"line":46,"column":24},"end":{"line":46,"column":42}},"10":{"start":{"line":47,"column":24},"end":{"line":61,"column":26}},"11":{"start":{"line":48,"column":28},"end":{"line":60,"column":30}},"12":{"start":{"line":49,"column":42},"end":{"line":49,"column":102}},"13":{"start":{"line":50,"column":32},"end":{"line":59,"column":34}},"14":{"start":{"line":51,"column":36},"end":{"line":58,"column":38}},"15":{"start":{"line":52,"column":40},"end":{"line":57,"column":46}},"16":{"start":{"line":55,"column":48},"end":{"line":55,"column":101}},"17":{"start":{"line":56,"column":48},"end":{"line":56,"column":97}},"18":{"start":{"line":62,"column":24},"end":{"line":62,"column":40}},"19":{"start":{"line":69,"column":8},"end":{"line":74,"column":11}},"20":{"start":{"line":70,"column":12},"end":{"line":73,"column":14}},"21":{"start":{"line":77,"column":8},"end":{"line":82,"column":11}},"22":{"start":{"line":78,"column":12},"end":{"line":81,"column":14}},"23":{"start":{"line":86,"column":23},"end":{"line":89,"column":9}},"24":{"start":{"line":90,"column":8},"end":{"line":98,"column":11}},"25":{"start":{"line":92,"column":12},"end":{"line":97,"column":18}},"26":{"start":{"line":94,"column":20},"end":{"line":94,"column":65}},"27":{"start":{"line":95,"column":20},"end":{"line":95,"column":52}},"28":{"start":{"line":96,"column":20},"end":{"line":96,"column":74}},"29":{"start":{"line":102,"column":8},"end":{"line":118,"column":21}},"30":{"start":{"line":120,"column":21},"end":{"line":140,"column":5}},"31":{"start":{"line":125,"column":16},"end":{"line":125,"column":28}},"32":{"start":{"line":132,"column":16},"end":{"line":132,"column":32}},"33":{"start":{"line":138,"column":33},"end":{"line":138,"column":109}},"34":{"start":{"line":141,"column":24},"end":{"line":152,"column":5}},"35":{"start":{"line":142,"column":8},"end":{"line":151,"column":15}},"36":{"start":{"line":145,"column":31},"end":{"line":145,"column":44}},"37":{"start":{"line":153,"column":4},"end":{"line":176,"column":5}},"38":{"start":{"line":163,"column":40},"end":{"line":163,"column":56}},"39":{"start":{"line":168,"column":40},"end":{"line":168,"column":57}},"40":{"start":{"line":179,"column":15},"end":{"line":253,"column":2}}},"fnMap":{"0":{"name":"EditProfile","decl":{"start":{"line":25,"column":9},"end":{"line":25,"column":20}},"loc":{"start":{"line":25,"column":70},"end":{"line":177,"column":1}},"line":25},"1":{"name":"(anonymous_1)","decl":{"start":{"line":36,"column":22},"end":{"line":36,"column":23}},"loc":{"start":{"line":36,"column":28},"end":{"line":67,"column":5}},"line":36},"2":{"name":"(anonymous_2)","decl":{"start":{"line":37,"column":63},"end":{"line":37,"column":64}},"loc":{"start":{"line":37,"column":75},"end":{"line":66,"column":9}},"line":37},"3":{"name":"(anonymous_3)","decl":{"start":{"line":44,"column":24},"end":{"line":44,"column":25}},"loc":{"start":{"line":44,"column":36},"end":{"line":64,"column":17}},"line":44},"4":{"name":"(anonymous_4)","decl":{"start":{"line":47,"column":47},"end":{"line":47,"column":48}},"loc":{"start":{"line":47,"column":61},"end":{"line":61,"column":25}},"line":47},"5":{"name":"(anonymous_5)","decl":{"start":{"line":48,"column":49},"end":{"line":48,"column":50}},"loc":{"start":{"line":48,"column":59},"end":{"line":60,"column":29}},"line":48},"6":{"name":"(anonymous_6)","decl":{"start":{"line":50,"column":51},"end":{"line":50,"column":52}},"loc":{"start":{"line":50,"column":57},"end":{"line":59,"column":33}},"line":50},"7":{"name":"(anonymous_7)","decl":{"start":{"line":51,"column":111},"end":{"line":51,"column":112}},"loc":{"start":{"line":51,"column":120},"end":{"line":58,"column":37}},"line":51},"8":{"name":"(anonymous_8)","decl":{"start":{"line":54,"column":50},"end":{"line":54,"column":51}},"loc":{"start":{"line":54,"column":56},"end":{"line":57,"column":45}},"line":54},"9":{"name":"handleName","decl":{"start":{"line":68,"column":13},"end":{"line":68,"column":23}},"loc":{"start":{"line":68,"column":30},"end":{"line":75,"column":5}},"line":68},"10":{"name":"(anonymous_10)","decl":{"start":{"line":69,"column":23},"end":{"line":69,"column":24}},"loc":{"start":{"line":69,"column":36},"end":{"line":74,"column":9}},"line":69},"11":{"name":"handleEmail","decl":{"start":{"line":76,"column":13},"end":{"line":76,"column":24}},"loc":{"start":{"line":76,"column":31},"end":{"line":84,"column":5}},"line":76},"12":{"name":"(anonymous_12)","decl":{"start":{"line":77,"column":23},"end":{"line":77,"column":24}},"loc":{"start":{"line":77,"column":36},"end":{"line":82,"column":9}},"line":77},"13":{"name":"handleUpdates","decl":{"start":{"line":85,"column":13},"end":{"line":85,"column":26}},"loc":{"start":{"line":85,"column":29},"end":{"line":99,"column":5}},"line":85},"14":{"name":"(anonymous_14)","decl":{"start":{"line":90,"column":90},"end":{"line":90,"column":91}},"loc":{"start":{"line":90,"column":96},"end":{"line":98,"column":9}},"line":90},"15":{"name":"(anonymous_15)","decl":{"start":{"line":93,"column":22},"end":{"line":93,"column":23}},"loc":{"start":{"line":93,"column":28},"end":{"line":97,"column":17}},"line":93},"16":{"name":"AvatarCard","decl":{"start":{"line":101,"column":13},"end":{"line":101,"column":23}},"loc":{"start":{"line":101,"column":26},"end":{"line":119,"column":5}},"line":101},"17":{"name":"(anonymous_17)","decl":{"start":{"line":124,"column":20},"end":{"line":124,"column":21}},"loc":{"start":{"line":124,"column":33},"end":{"line":126,"column":13}},"line":124},"18":{"name":"(anonymous_18)","decl":{"start":{"line":131,"column":20},"end":{"line":131,"column":21}},"loc":{"start":{"line":131,"column":33},"end":{"line":133,"column":13}},"line":131},"19":{"name":"(anonymous_19)","decl":{"start":{"line":138,"column":20},"end":{"line":138,"column":21}},"loc":{"start":{"line":138,"column":33},"end":{"line":138,"column":109}},"line":138},"20":{"name":"(anonymous_20)","decl":{"start":{"line":141,"column":24},"end":{"line":141,"column":25}},"loc":{"start":{"line":141,"column":34},"end":{"line":152,"column":5}},"line":141},"21":{"name":"(anonymous_21)","decl":{"start":{"line":145,"column":25},"end":{"line":145,"column":26}},"loc":{"start":{"line":145,"column":31},"end":{"line":145,"column":44}},"line":145},"22":{"name":"(anonymous_22)","decl":{"start":{"line":163,"column":30},"end":{"line":163,"column":31}},"loc":{"start":{"line":163,"column":40},"end":{"line":163,"column":56}},"line":163},"23":{"name":"(anonymous_23)","decl":{"start":{"line":168,"column":30},"end":{"line":168,"column":31}},"loc":{"start":{"line":168,"column":40},"end":{"line":168,"column":57}},"line":168}},"branchMap":{"0":{"loc":{"start":{"line":33,"column":35},"end":{"line":33,"column":112}},"type":"cond-expr","locations":[{"start":{"line":33,"column":64},"end":{"line":33,"column":89}},{"start":{"line":33,"column":92},"end":{"line":33,"column":112}}],"line":33},"1":{"loc":{"start":{"line":34,"column":43},"end":{"line":34,"column":84}},"type":"cond-expr","locations":[{"start":{"line":34,"column":72},"end":{"line":34,"column":77}},{"start":{"line":34,"column":80},"end":{"line":34,"column":84}}],"line":34},"2":{"loc":{"start":{"line":38,"column":12},"end":{"line":65,"column":13}},"type":"if","locations":[{"start":{"line":38,"column":12},"end":{"line":65,"column":13}},{"start":{"line":38,"column":12},"end":{"line":65,"column":13}}],"line":38},"3":{"loc":{"start":{"line":45,"column":20},"end":{"line":63,"column":21}},"type":"if","locations":[{"start":{"line":45,"column":20},"end":{"line":63,"column":21}},{"start":{"line":45,"column":20},"end":{"line":63,"column":21}}],"line":45},"4":{"loc":{"start":{"line":116,"column":17},"end":{"line":117,"column":120}},"type":"cond-expr","locations":[{"start":{"line":116,"column":28},"end":{"line":116,"column":106}},{"start":{"line":117,"column":20},"end":{"line":117,"column":120}}],"line":116}},"s":{"0":1,"1":1,"2":1,"3":1,"4":1,"5":0,"6":0,"7":0,"8":0,"9":0,"10":0,"11":0,"12":0,"13":0,"14":0,"15":0,"16":0,"17":0,"18":0,"19":0,"20":0,"21":0,"22":0,"23":0,"24":0,"25":0,"26":0,"27":0,"28":0,"29":1,"30":1,"31":0,"32":0,"33":0,"34":1,"35":3,"36":0,"37":1,"38":0,"39":0,"40":1},"f":{"0":1,"1":0,"2":0,"3":0,"4":0,"5":0,"6":0,"7":0,"8":0,"9":0,"10":0,"11":0,"12":0,"13":0,"14":0,"15":0,"16":1,"17":0,"18":0,"19":0,"20":3,"21":0,"22":0,"23":0},"b":{"0":[0,1],"1":[0,1],"2":[0,0],"3":[0,0],"4":[1,0]},"_coverageSchema":"1a1c01bbd47fc00a2c39e90264f33305004495a9","hash":"4949ef5ec1926324a15d76be0fcd2037584accca"}
,"/home/hardik/Desktop/SDOS/Team_13_speedywash/Components/Profile/Profile.js": {"path":"/home/hardik/Desktop/SDOS/Team_13_speedywash/Components/Profile/Profile.js","statementMap":{"0":{"start":{"line":22,"column":8},"end":{"line":22,"column":33}},"1":{"start":{"line":23,"column":8},"end":{"line":25,"column":10}},"2":{"start":{"line":24,"column":12},"end":{"line":24,"column":33}},"3":{"start":{"line":27,"column":4},"end":{"line":32,"column":11}},"4":{"start":{"line":44,"column":8},"end":{"line":55,"column":21}},"5":{"start":{"line":58,"column":21},"end":{"line":84,"column":5}},"6":{"start":{"line":62,"column":33},"end":{"line":62,"column":113}},"7":{"start":{"line":67,"column":35},"end":{"line":67,"column":111}},"8":{"start":{"line":72,"column":33},"end":{"line":72,"column":115}},"9":{"start":{"line":78,"column":16},"end":{"line":78,"column":41}},"10":{"start":{"line":79,"column":16},"end":{"line":81,"column":18}},"11":{"start":{"line":80,"column":20},"end":{"line":80,"column":41}},"12":{"start":{"line":86,"column":24},"end":{"line":97,"column":5}},"13":{"start":{"line":87,"column":8},"end":{"line":96,"column":15}},"14":{"start":{"line":90,"column":31},"end":{"line":90,"column":44}},"15":{"start":{"line":99,"column":4},"end":{"line":111,"column":5}},"16":{"start":{"line":113,"column":15},"end":{"line":182,"column":2}}},"fnMap":{"0":{"name":"PerFormSignOut","decl":{"start":{"line":20,"column":9},"end":{"line":20,"column":23}},"loc":{"start":{"line":20,"column":57},"end":{"line":33,"column":1}},"line":20},"1":{"name":"performSignout","decl":{"start":{"line":21,"column":13},"end":{"line":21,"column":27}},"loc":{"start":{"line":21,"column":30},"end":{"line":26,"column":5}},"line":21},"2":{"name":"(anonymous_2)","decl":{"start":{"line":23,"column":56},"end":{"line":23,"column":57}},"loc":{"start":{"line":23,"column":62},"end":{"line":25,"column":9}},"line":23},"3":{"name":"Profile","decl":{"start":{"line":42,"column":9},"end":{"line":42,"column":16}},"loc":{"start":{"line":42,"column":66},"end":{"line":112,"column":1}},"line":42},"4":{"name":"AvatarCard","decl":{"start":{"line":43,"column":13},"end":{"line":43,"column":23}},"loc":{"start":{"line":43,"column":26},"end":{"line":56,"column":5}},"line":43},"5":{"name":"(anonymous_5)","decl":{"start":{"line":62,"column":20},"end":{"line":62,"column":21}},"loc":{"start":{"line":62,"column":33},"end":{"line":62,"column":113}},"line":62},"6":{"name":"(anonymous_6)","decl":{"start":{"line":67,"column":20},"end":{"line":67,"column":21}},"loc":{"start":{"line":67,"column":33},"end":{"line":67,"column":112}},"line":67},"7":{"name":"(anonymous_7)","decl":{"start":{"line":72,"column":20},"end":{"line":72,"column":21}},"loc":{"start":{"line":72,"column":33},"end":{"line":72,"column":115}},"line":72},"8":{"name":"(anonymous_8)","decl":{"start":{"line":77,"column":20},"end":{"line":77,"column":21}},"loc":{"start":{"line":77,"column":26},"end":{"line":82,"column":13}},"line":77},"9":{"name":"(anonymous_9)","decl":{"start":{"line":79,"column":64},"end":{"line":79,"column":65}},"loc":{"start":{"line":79,"column":70},"end":{"line":81,"column":17}},"line":79},"10":{"name":"(anonymous_10)","decl":{"start":{"line":86,"column":24},"end":{"line":86,"column":25}},"loc":{"start":{"line":86,"column":34},"end":{"line":97,"column":5}},"line":86},"11":{"name":"(anonymous_11)","decl":{"start":{"line":90,"column":25},"end":{"line":90,"column":26}},"loc":{"start":{"line":90,"column":31},"end":{"line":90,"column":44}},"line":90}},"branchMap":{"0":{"loc":{"start":{"line":54,"column":17},"end":{"line":54,"column":244}},"type":"cond-expr","locations":[{"start":{"line":54,"column":46},"end":{"line":54,"column":146}},{"start":{"line":54,"column":149},"end":{"line":54,"column":244}}],"line":54}},"s":{"0":0,"1":0,"2":0,"3":0,"4":1,"5":1,"6":0,"7":0,"8":0,"9":0,"10":0,"11":0,"12":1,"13":4,"14":0,"15":1,"16":1},"f":{"0":0,"1":0,"2":0,"3":1,"4":1,"5":0,"6":0,"7":0,"8":0,"9":0,"10":4,"11":0},"b":{"0":[0,1]},"_coverageSchema":"1a1c01bbd47fc00a2c39e90264f33305004495a9","hash":"927d0347f91307316f0c078b2ad895fd9b875cac"}
,"/home/hardik/Desktop/SDOS/Team_13_speedywash/Components/ServiceSpecific/ServiceSpecific.js": {"path":"/home/hardik/Desktop/SDOS/Team_13_speedywash/Components/ServiceSpecific/ServiceSpecific.js","statementMap":{"0":{"start":{"line":26,"column":20},"end":{"line":32,"column":5}},"1":{"start":{"line":33,"column":4},"end":{"line":48,"column":5}},"2":{"start":{"line":33,"column":16},"end":{"line":33,"column":17}},"3":{"start":{"line":35,"column":24},"end":{"line":35,"column":49}},"4":{"start":{"line":36,"column":20},"end":{"line":36,"column":48}},"5":{"start":{"line":37,"column":8},"end":{"line":37,"column":38}},"6":{"start":{"line":38,"column":8},"end":{"line":38,"column":39}},"7":{"start":{"line":39,"column":8},"end":{"line":39,"column":38}},"8":{"start":{"line":41,"column":8},"end":{"line":47,"column":9}},"9":{"start":{"line":41,"column":18},"end":{"line":41,"column":19}},"10":{"start":{"line":43,"column":27},"end":{"line":43,"column":35}},"11":{"start":{"line":44,"column":12},"end":{"line":44,"column":80}},"12":{"start":{"line":45,"column":12},"end":{"line":45,"column":105}},"13":{"start":{"line":46,"column":12},"end":{"line":46,"column":102}},"14":{"start":{"line":50,"column":4},"end":{"line":68,"column":5}},"15":{"start":{"line":54,"column":55},"end":{"line":54,"column":79}}},"fnMap":{"0":{"name":"ServiceSpecific","decl":{"start":{"line":23,"column":9},"end":{"line":23,"column":24}},"loc":{"start":{"line":23,"column":126},"end":{"line":69,"column":1}},"line":23},"1":{"name":"(anonymous_1)","decl":{"start":{"line":54,"column":49},"end":{"line":54,"column":50}},"loc":{"start":{"line":54,"column":55},"end":{"line":54,"column":79}},"line":54}},"branchMap":{"0":{"loc":{"start":{"line":53,"column":13},"end":{"line":54,"column":84}},"type":"binary-expr","locations":[{"start":{"line":53,"column":13},"end":{"line":53,"column":37}},{"start":{"line":54,"column":16},"end":{"line":54,"column":84}}],"line":53}},"s":{"0":0,"1":0,"2":0,"3":0,"4":0,"5":0,"6":0,"7":0,"8":0,"9":0,"10":0,"11":0,"12":0,"13":0,"14":0,"15":0},"f":{"0":0,"1":0},"b":{"0":[0,0]},"_coverageSchema":"1a1c01bbd47fc00a2c39e90264f33305004495a9","hash":"86ffeb6fcf4f0f72d5d481d7b95a0ce56fdb500a"}
,"/home/hardik/Desktop/SDOS/Team_13_speedywash/Components/ServiceSpecific/styles.js": {"path":"/home/hardik/Desktop/SDOS/Team_13_speedywash/Components/ServiceSpecific/styles.js","statementMap":{"0":{"start":{"line":2,"column":15},"end":{"line":14,"column":2}}},"fnMap":{},"branchMap":{},"s":{"0":1},"f":{},"b":{},"_coverageSchema":"1a1c01bbd47fc00a2c39e90264f33305004495a9","hash":"f58fb9b55fee67c457c9dda30fbb2c6692e780eb"}
,"/home/hardik/Desktop/SDOS/Team_13_speedywash/Components/serviceitem/index.js": {"path":"/home/hardik/Desktop/SDOS/Team_13_speedywash/Components/serviceitem/index.js","statementMap":{"0":{"start":{"line":9,"column":4},"end":{"line":13,"column":26}},"1":{"start":{"line":15,"column":20},"end":{"line":45,"column":1}},"2":{"start":{"line":16,"column":44},"end":{"line":16,"column":64}},"3":{"start":{"line":17,"column":71},"end":{"line":17,"column":76}},"4":{"start":{"line":18,"column":37},"end":{"line":18,"column":67}},"5":{"start":{"line":19,"column":16},"end":{"line":19,"column":30}},"6":{"start":{"line":20,"column":4},"end":{"line":44,"column":6}},"7":{"start":{"line":27,"column":52},"end":{"line":40,"column":23}},"8":{"start":{"line":30,"column":69},"end":{"line":30,"column":119}},"9":{"start":{"line":34,"column":70},"end":{"line":37,"column":35}}},"fnMap":{"0":{"name":"(anonymous_0)","decl":{"start":{"line":15,"column":20},"end":{"line":15,"column":21}},"loc":{"start":{"line":15,"column":31},"end":{"line":45,"column":1}},"line":15},"1":{"name":"(anonymous_1)","decl":{"start":{"line":27,"column":36},"end":{"line":27,"column":37}},"loc":{"start":{"line":27,"column":52},"end":{"line":40,"column":23}},"line":27},"2":{"name":"(anonymous_2)","decl":{"start":{"line":30,"column":61},"end":{"line":30,"column":62}},"loc":{"start":{"line":30,"column":67},"end":{"line":30,"column":121}},"line":30},"3":{"name":"(anonymous_3)","decl":{"start":{"line":34,"column":52},"end":{"line":34,"column":53}},"loc":{"start":{"line":34,"column":70},"end":{"line":37,"column":35}},"line":34}},"branchMap":{"0":{"loc":{"start":{"line":30,"column":85},"end":{"line":30,"column":118}},"type":"cond-expr","locations":[{"start":{"line":30,"column":108},"end":{"line":30,"column":112}},{"start":{"line":30,"column":115},"end":{"line":30,"column":118}}],"line":30},"1":{"loc":{"start":{"line":33,"column":25},"end":{"line":38,"column":31}},"type":"binary-expr","locations":[{"start":{"line":33,"column":25},"end":{"line":33,"column":45}},{"start":{"line":33,"column":49},"end":{"line":38,"column":31}}],"line":33}},"s":{"0":1,"1":1,"2":0,"3":0,"4":0,"5":0,"6":0,"7":0,"8":0,"9":0},"f":{"0":0,"1":0,"2":0,"3":0},"b":{"0":[0,0],"1":[0,0]},"_coverageSchema":"1a1c01bbd47fc00a2c39e90264f33305004495a9","hash":"933f9cbe75b47c5ce99ff229ed712f8f2bd0b256"}
,"/home/hardik/Desktop/SDOS/Team_13_speedywash/Components/serviceitem/styles.js": {"path":"/home/hardik/Desktop/SDOS/Team_13_speedywash/Components/serviceitem/styles.js","statementMap":{"0":{"start":{"line":2,"column":15},"end":{"line":66,"column":2}}},"fnMap":{},"branchMap":{},"s":{"0":1},"f":{},"b":{},"_coverageSchema":"1a1c01bbd47fc00a2c39e90264f33305004495a9","hash":"66c63d8b934948f79afad34f5f7acdc29a98c231"}
,"/home/hardik/Desktop/SDOS/Team_13_speedywash/Components/serviceitemtype/index.js": {"path":"/home/hardik/Desktop/SDOS/Team_13_speedywash/Components/serviceitemtype/index.js","statementMap":{"0":{"start":{"line":9,"column":24},"end":{"line":155,"column":1}},"1":{"start":{"line":10,"column":51},"end":{"line":10,"column":56}},"2":{"start":{"line":11,"column":37},"end":{"line":11,"column":67}},"3":{"start":{"line":12,"column":4},"end":{"line":35,"column":6}},"4":{"start":{"line":13,"column":24},"end":{"line":13,"column":28}},"5":{"start":{"line":14,"column":8},"end":{"line":32,"column":10}},"6":{"start":{"line":15,"column":12},"end":{"line":31,"column":13}},"7":{"start":{"line":17,"column":16},"end":{"line":17,"column":28}},"8":{"start":{"line":20,"column":16},"end":{"line":22,"column":17}},"9":{"start":{"line":21,"column":20},"end":{"line":21,"column":40}},"10":{"start":{"line":23,"column":16},"end":{"line":25,"column":17}},"11":{"start":{"line":24,"column":20},"end":{"line":24,"column":47}},"12":{"start":{"line":26,"column":16},"end":{"line":29,"column":17}},"13":{"start":{"line":27,"column":20},"end":{"line":27,"column":81}},"14":{"start":{"line":30,"column":16},"end":{"line":30,"column":63}},"15":{"start":{"line":33,"column":8},"end":{"line":33,"column":43}},"16":{"start":{"line":33,"column":23},"end":{"line":33,"column":40}},"17":{"start":{"line":36,"column":30},"end":{"line":36,"column":41}},"18":{"start":{"line":38,"column":28},"end":{"line":38,"column":42}},"19":{"start":{"line":39,"column":36},"end":{"line":39,"column":51}},"20":{"start":{"line":41,"column":8},"end":{"line":41,"column":26}},"21":{"start":{"line":42,"column":8},"end":{"line":76,"column":10}},"22":{"start":{"line":43,"column":12},"end":{"line":75,"column":13}},"23":{"start":{"line":44,"column":32},"end":{"line":44,"column":34}},"24":{"start":{"line":45,"column":16},"end":{"line":45,"column":39}},"25":{"start":{"line":46,"column":16},"end":{"line":46,"column":46}},"26":{"start":{"line":47,"column":16},"end":{"line":47,"column":80}},"27":{"start":{"line":48,"column":16},"end":{"line":51,"column":18}},"28":{"start":{"line":49,"column":20},"end":{"line":50,"column":50}},"29":{"start":{"line":50,"column":24},"end":{"line":50,"column":50}},"30":{"start":{"line":52,"column":16},"end":{"line":52,"column":35}},"31":{"start":{"line":53,"column":16},"end":{"line":53,"column":28}},"32":{"start":{"line":54,"column":16},"end":{"line":54,"column":35}},"33":{"start":{"line":59,"column":16},"end":{"line":61,"column":17}},"34":{"start":{"line":60,"column":20},"end":{"line":60,"column":40}},"35":{"start":{"line":62,"column":16},"end":{"line":64,"column":17}},"36":{"start":{"line":63,"column":20},"end":{"line":63,"column":47}},"37":{"start":{"line":65,"column":16},"end":{"line":67,"column":17}},"38":{"start":{"line":66,"column":20},"end":{"line":66,"column":81}},"39":{"start":{"line":68,"column":16},"end":{"line":68,"column":58}},"40":{"start":{"line":69,"column":16},"end":{"line":69,"column":63}},"41":{"start":{"line":70,"column":16},"end":{"line":74,"column":18}},"42":{"start":{"line":71,"column":20},"end":{"line":72,"column":50}},"43":{"start":{"line":72,"column":24},"end":{"line":72,"column":50}},"44":{"start":{"line":73,"column":20},"end":{"line":73,"column":38}},"45":{"start":{"line":79,"column":8},"end":{"line":79,"column":26}},"46":{"start":{"line":80,"column":8},"end":{"line":124,"column":10}},"47":{"start":{"line":81,"column":12},"end":{"line":123,"column":13}},"48":{"start":{"line":82,"column":32},"end":{"line":82,"column":34}},"49":{"start":{"line":83,"column":16},"end":{"line":83,"column":39}},"50":{"start":{"line":84,"column":16},"end":{"line":84,"column":46}},"51":{"start":{"line":85,"column":16},"end":{"line":85,"column":80}},"52":{"start":{"line":86,"column":16},"end":{"line":89,"column":18}},"53":{"start":{"line":87,"column":20},"end":{"line":88,"column":50}},"54":{"start":{"line":88,"column":24},"end":{"line":88,"column":50}},"55":{"start":{"line":90,"column":16},"end":{"line":90,"column":35}},"56":{"start":{"line":91,"column":16},"end":{"line":91,"column":28}},"57":{"start":{"line":92,"column":16},"end":{"line":92,"column":35}},"58":{"start":{"line":95,"column":16},"end":{"line":97,"column":17}},"59":{"start":{"line":96,"column":20},"end":{"line":96,"column":40}},"60":{"start":{"line":98,"column":16},"end":{"line":100,"column":17}},"61":{"start":{"line":99,"column":20},"end":{"line":99,"column":47}},"62":{"start":{"line":101,"column":16},"end":{"line":103,"column":17}},"63":{"start":{"line":102,"column":20},"end":{"line":102,"column":81}},"64":{"start":{"line":105,"column":16},"end":{"line":108,"column":17}},"65":{"start":{"line":106,"column":20},"end":{"line":106,"column":62}},"66":{"start":{"line":107,"column":20},"end":{"line":107,"column":67}},"67":{"start":{"line":109,"column":16},"end":{"line":111,"column":17}},"68":{"start":{"line":110,"column":20},"end":{"line":110,"column":57}},"69":{"start":{"line":112,"column":16},"end":{"line":114,"column":17}},"70":{"start":{"line":113,"column":20},"end":{"line":113,"column":51}},"71":{"start":{"line":115,"column":16},"end":{"line":117,"column":17}},"72":{"start":{"line":116,"column":20},"end":{"line":116,"column":44}},"73":{"start":{"line":118,"column":16},"end":{"line":122,"column":18}},"74":{"start":{"line":119,"column":20},"end":{"line":120,"column":50}},"75":{"start":{"line":120,"column":24},"end":{"line":120,"column":50}},"76":{"start":{"line":121,"column":20},"end":{"line":121,"column":38}},"77":{"start":{"line":127,"column":4},"end":{"line":154,"column":6}}},"fnMap":{"0":{"name":"(anonymous_0)","decl":{"start":{"line":9,"column":24},"end":{"line":9,"column":25}},"loc":{"start":{"line":9,"column":35},"end":{"line":155,"column":1}},"line":9},"1":{"name":"(anonymous_1)","decl":{"start":{"line":12,"column":14},"end":{"line":12,"column":15}},"loc":{"start":{"line":12,"column":20},"end":{"line":34,"column":5}},"line":12},"2":{"name":"(anonymous_2)","decl":{"start":{"line":14,"column":41},"end":{"line":14,"column":42}},"loc":{"start":{"line":14,"column":52},"end":{"line":32,"column":9}},"line":14},"3":{"name":"(anonymous_3)","decl":{"start":{"line":33,"column":15},"end":{"line":33,"column":16}},"loc":{"start":{"line":33,"column":21},"end":{"line":33,"column":42}},"line":33},"4":{"name":"increment","decl":{"start":{"line":40,"column":13},"end":{"line":40,"column":22}},"loc":{"start":{"line":40,"column":25},"end":{"line":77,"column":5}},"line":40},"5":{"name":"(anonymous_5)","decl":{"start":{"line":42,"column":41},"end":{"line":42,"column":42}},"loc":{"start":{"line":42,"column":52},"end":{"line":76,"column":9}},"line":42},"6":{"name":"(anonymous_6)","decl":{"start":{"line":48,"column":75},"end":{"line":48,"column":76}},"loc":{"start":{"line":48,"column":81},"end":{"line":51,"column":17}},"line":48},"7":{"name":"(anonymous_7)","decl":{"start":{"line":70,"column":71},"end":{"line":70,"column":72}},"loc":{"start":{"line":70,"column":83},"end":{"line":74,"column":17}},"line":70},"8":{"name":"decrement","decl":{"start":{"line":78,"column":13},"end":{"line":78,"column":22}},"loc":{"start":{"line":78,"column":25},"end":{"line":126,"column":5}},"line":78},"9":{"name":"(anonymous_9)","decl":{"start":{"line":80,"column":41},"end":{"line":80,"column":42}},"loc":{"start":{"line":80,"column":52},"end":{"line":124,"column":9}},"line":80},"10":{"name":"(anonymous_10)","decl":{"start":{"line":86,"column":75},"end":{"line":86,"column":76}},"loc":{"start":{"line":86,"column":81},"end":{"line":89,"column":17}},"line":86},"11":{"name":"(anonymous_11)","decl":{"start":{"line":118,"column":71},"end":{"line":118,"column":72}},"loc":{"start":{"line":118,"column":83},"end":{"line":122,"column":17}},"line":118}},"branchMap":{"0":{"loc":{"start":{"line":15,"column":12},"end":{"line":31,"column":13}},"type":"if","locations":[{"start":{"line":15,"column":12},"end":{"line":31,"column":13}},{"start":{"line":15,"column":12},"end":{"line":31,"column":13}}],"line":15},"1":{"loc":{"start":{"line":20,"column":16},"end":{"line":22,"column":17}},"type":"if","locations":[{"start":{"line":20,"column":16},"end":{"line":22,"column":17}},{"start":{"line":20,"column":16},"end":{"line":22,"column":17}}],"line":20},"2":{"loc":{"start":{"line":23,"column":16},"end":{"line":25,"column":17}},"type":"if","locations":[{"start":{"line":23,"column":16},"end":{"line":25,"column":17}},{"start":{"line":23,"column":16},"end":{"line":25,"column":17}}],"line":23},"3":{"loc":{"start":{"line":26,"column":16},"end":{"line":29,"column":17}},"type":"if","locations":[{"start":{"line":26,"column":16},"end":{"line":29,"column":17}},{"start":{"line":26,"column":16},"end":{"line":29,"column":17}}],"line":26},"4":{"loc":{"start":{"line":43,"column":12},"end":{"line":75,"column":13}},"type":"if","locations":[{"start":{"line":43,"column":12},"end":{"line":75,"column":13}},{"start":{"line":43,"column":12},"end":{"line":75,"column":13}}],"line":43},"5":{"loc":{"start":{"line":49,"column":20},"end":{"line":50,"column":50}},"type":"if","locations":[{"start":{"line":49,"column":20},"end":{"line":50,"column":50}},{"start":{"line":49,"column":20},"end":{"line":50,"column":50}}],"line":49},"6":{"loc":{"start":{"line":59,"column":16},"end":{"line":61,"column":17}},"type":"if","locations":[{"start":{"line":59,"column":16},"end":{"line":61,"column":17}},{"start":{"line":59,"column":16},"end":{"line":61,"column":17}}],"line":59},"7":{"loc":{"start":{"line":62,"column":16},"end":{"line":64,"column":17}},"type":"if","locations":[{"start":{"line":62,"column":16},"end":{"line":64,"column":17}},{"start":{"line":62,"column":16},"end":{"line":64,"column":17}}],"line":62},"8":{"loc":{"start":{"line":65,"column":16},"end":{"line":67,"column":17}},"type":"if","locations":[{"start":{"line":65,"column":16},"end":{"line":67,"column":17}},{"start":{"line":65,"column":16},"end":{"line":67,"column":17}}],"line":65},"9":{"loc":{"start":{"line":71,"column":20},"end":{"line":72,"column":50}},"type":"if","locations":[{"start":{"line":71,"column":20},"end":{"line":72,"column":50}},{"start":{"line":71,"column":20},"end":{"line":72,"column":50}}],"line":71},"10":{"loc":{"start":{"line":81,"column":12},"end":{"line":123,"column":13}},"type":"if","locations":[{"start":{"line":81,"column":12},"end":{"line":123,"column":13}},{"start":{"line":81,"column":12},"end":{"line":123,"column":13}}],"line":81},"11":{"loc":{"start":{"line":87,"column":20},"end":{"line":88,"column":50}},"type":"if","locations":[{"start":{"line":87,"column":20},"end":{"line":88,"column":50}},{"start":{"line":87,"column":20},"end":{"line":88,"column":50}}],"line":87},"12":{"loc":{"start":{"line":95,"column":16},"end":{"line":97,"column":17}},"type":"if","locations":[{"start":{"line":95,"column":16},"end":{"line":97,"column":17}},{"start":{"line":95,"column":16},"end":{"line":97,"column":17}}],"line":95},"13":{"loc":{"start":{"line":98,"column":16},"end":{"line":100,"column":17}},"type":"if","locations":[{"start":{"line":98,"column":16},"end":{"line":100,"column":17}},{"start":{"line":98,"column":16},"end":{"line":100,"column":17}}],"line":98},"14":{"loc":{"start":{"line":101,"column":16},"end":{"line":103,"column":17}},"type":"if","locations":[{"start":{"line":101,"column":16},"end":{"line":103,"column":17}},{"start":{"line":101,"column":16},"end":{"line":103,"column":17}}],"line":101},"15":{"loc":{"start":{"line":105,"column":16},"end":{"line":108,"column":17}},"type":"if","locations":[{"start":{"line":105,"column":16},"end":{"line":108,"column":17}},{"start":{"line":105,"column":16},"end":{"line":108,"column":17}}],"line":105},"16":{"loc":{"start":{"line":109,"column":16},"end":{"line":111,"column":17}},"type":"if","locations":[{"start":{"line":109,"column":16},"end":{"line":111,"column":17}},{"start":{"line":109,"column":16},"end":{"line":111,"column":17}}],"line":109},"17":{"loc":{"start":{"line":112,"column":16},"end":{"line":114,"column":17}},"type":"if","locations":[{"start":{"line":112,"column":16},"end":{"line":114,"column":17}},{"start":{"line":112,"column":16},"end":{"line":114,"column":17}}],"line":112},"18":{"loc":{"start":{"line":115,"column":16},"end":{"line":117,"column":17}},"type":"if","locations":[{"start":{"line":115,"column":16},"end":{"line":117,"column":17}},{"start":{"line":115,"column":16},"end":{"line":117,"column":17}}],"line":115},"19":{"loc":{"start":{"line":119,"column":20},"end":{"line":120,"column":50}},"type":"if","locations":[{"start":{"line":119,"column":20},"end":{"line":120,"column":50}},{"start":{"line":119,"column":20},"end":{"line":120,"column":50}}],"line":119}},"s":{"0":1,"1":0,"2":0,"3":0,"4":0,"5":0,"6":0,"7":0,"8":0,"9":0,"10":0,"11":0,"12":0,"13":0,"14":0,"15":0,"16":0,"17":0,"18":0,"19":0,"20":0,"21":0,"22":0,"23":0,"24":0,"25":0,"26":0,"27":0,"28":0,"29":0,"30":0,"31":0,"32":0,"33":0,"34":0,"35":0,"36":0,"37":0,"38":0,"39":0,"40":0,"41":0,"42":0,"43":0,"44":0,"45":0,"46":0,"47":0,"48":0,"49":0,"50":0,"51":0,"52":0,"53":0,"54":0,"55":0,"56":0,"57":0,"58":0,"59":0,"60":0,"61":0,"62":0,"63":0,"64":0,"65":0,"66":0,"67":0,"68":0,"69":0,"70":0,"71":0,"72":0,"73":0,"74":0,"75":0,"76":0,"77":0},"f":{"0":0,"1":0,"2":0,"3":0,"4":0,"5":0,"6":0,"7":0,"8":0,"9":0,"10":0,"11":0},"b":{"0":[0,0],"1":[0,0],"2":[0,0],"3":[0,0],"4":[0,0],"5":[0,0],"6":[0,0],"7":[0,0],"8":[0,0],"9":[0,0],"10":[0,0],"11":[0,0],"12":[0,0],"13":[0,0],"14":[0,0],"15":[0,0],"16":[0,0],"17":[0,0],"18":[0,0],"19":[0,0]},"_coverageSchema":"1a1c01bbd47fc00a2c39e90264f33305004495a9","hash":"bee3ac9bff93306e5568ca32a0d943f545681c7b"}
,"/home/hardik/Desktop/SDOS/Team_13_speedywash/Components/serviceitemtype/styles.js": {"path":"/home/hardik/Desktop/SDOS/Team_13_speedywash/Components/serviceitemtype/styles.js","statementMap":{"0":{"start":{"line":2,"column":15},"end":{"line":84,"column":2}}},"fnMap":{},"branchMap":{},"s":{"0":1},"f":{},"b":{},"_coverageSchema":"1a1c01bbd47fc00a2c39e90264f33305004495a9","hash":"3890cb30b0adcb49f9dae82bdc27dea9015557f3"}
,"/home/hardik/Desktop/SDOS/Team_13_speedywash/configs/CacheManager.js": {"path":"/home/hardik/Desktop/SDOS/Team_13_speedywash/configs/CacheManager.js","statementMap":{"0":{"start":{"line":9,"column":4},"end":{"line":24,"column":6}},"1":{"start":{"line":10,"column":8},"end":{"line":23,"column":10}},"2":{"start":{"line":11,"column":12},"end":{"line":12,"column":30}},"3":{"start":{"line":12,"column":16},"end":{"line":12,"column":30}},"4":{"start":{"line":14,"column":12},"end":{"line":14,"column":37}},"5":{"start":{"line":17,"column":12},"end":{"line":20,"column":36}},"6":{"start":{"line":18,"column":16},"end":{"line":18,"column":30}},"7":{"start":{"line":20,"column":16},"end":{"line":20,"column":36}},"8":{"start":{"line":22,"column":12},"end":{"line":22,"column":27}},"9":{"start":{"line":33,"column":25},"end":{"line":33,"column":47}},"10":{"start":{"line":34,"column":23},"end":{"line":34,"column":45}},"11":{"start":{"line":35,"column":19},"end":{"line":38,"column":5}},"12":{"start":{"line":39,"column":4},"end":{"line":39,"column":60}},"13":{"start":{"line":43,"column":4},"end":{"line":43,"column":40}},"14":{"start":{"line":48,"column":19},"end":{"line":48,"column":46}},"15":{"start":{"line":49,"column":4},"end":{"line":52,"column":5}},"16":{"start":{"line":49,"column":14},"end":{"line":49,"column":15}},"17":{"start":{"line":51,"column":8},"end":{"line":51,"column":30}}},"fnMap":{"0":{"name":"getValue","decl":{"start":{"line":8,"column":16},"end":{"line":8,"column":24}},"loc":{"start":{"line":8,"column":30},"end":{"line":25,"column":1}},"line":8},"1":{"name":"(anonymous_1)","decl":{"start":{"line":9,"column":23},"end":{"line":9,"column":24}},"loc":{"start":{"line":9,"column":44},"end":{"line":24,"column":5}},"line":9},"2":{"name":"(anonymous_2)","decl":{"start":{"line":10,"column":39},"end":{"line":10,"column":40}},"loc":{"start":{"line":10,"column":50},"end":{"line":21,"column":9}},"line":10},"3":{"name":"(anonymous_3)","decl":{"start":{"line":21,"column":17},"end":{"line":21,"column":18}},"loc":{"start":{"line":21,"column":30},"end":{"line":23,"column":9}},"line":21},"4":{"name":"setValue","decl":{"start":{"line":32,"column":16},"end":{"line":32,"column":24}},"loc":{"start":{"line":32,"column":46},"end":{"line":40,"column":1}},"line":32},"5":{"name":"removeValue","decl":{"start":{"line":42,"column":16},"end":{"line":42,"column":27}},"loc":{"start":{"line":42,"column":33},"end":{"line":44,"column":1}},"line":42},"6":{"name":"cleanCache","decl":{"start":{"line":46,"column":16},"end":{"line":46,"column":26}},"loc":{"start":{"line":47,"column":0},"end":{"line":53,"column":1}},"line":47}},"branchMap":{"0":{"loc":{"start":{"line":11,"column":12},"end":{"line":12,"column":30}},"type":"if","locations":[{"start":{"line":11,"column":12},"end":{"line":12,"column":30}},{"start":{"line":11,"column":12},"end":{"line":12,"column":30}}],"line":11},"1":{"loc":{"start":{"line":17,"column":12},"end":{"line":20,"column":36}},"type":"if","locations":[{"start":{"line":17,"column":12},"end":{"line":20,"column":36}},{"start":{"line":17,"column":12},"end":{"line":20,"column":36}}],"line":17}},"s":{"0":0,"1":0,"2":0,"3":0,"4":0,"5":0,"6":0,"7":0,"8":0,"9":0,"10":0,"11":0,"12":0,"13":0,"14":0,"15":0,"16":0,"17":0},"f":{"0":0,"1":0,"2":0,"3":0,"4":0,"5":0,"6":0},"b":{"0":[0,0],"1":[0,0]},"_coverageSchema":"1a1c01bbd47fc00a2c39e90264f33305004495a9","hash":"e9883ea17903f1543ed5f9c7160d66965b578c82"}
,"/home/hardik/Desktop/SDOS/Team_13_speedywash/configs/KEYS.js": {"path":"/home/hardik/Desktop/SDOS/Team_13_speedywash/configs/KEYS.js","statementMap":{"0":{"start":{"line":1,"column":13},"end":{"line":56,"column":1}},"1":{"start":{"line":58,"column":20},"end":{"line":591,"column":1}}},"fnMap":{},"branchMap":{},"s":{"0":5,"1":5},"f":{},"b":{},"_coverageSchema":"1a1c01bbd47fc00a2c39e90264f33305004495a9","hash":"61608124b44560c3523b160131936bac644e7732"}
,"/home/hardik/Desktop/SDOS/Team_13_speedywash/configs/firebase-init.js": {"path":"/home/hardik/Desktop/SDOS/Team_13_speedywash/configs/firebase-init.js","statementMap":{"0":{"start":{"line":3,"column":21},"end":{"line":11,"column":1}},"1":{"start":{"line":13,"column":0},"end":{"line":13,"column":39}}},"fnMap":{},"branchMap":{},"s":{"0":6,"1":6},"f":{},"b":{},"_coverageSchema":"1a1c01bbd47fc00a2c39e90264f33305004495a9","hash":"05c178b2fd93645f4302c4835e64b129a01a1cd6"}
}
