TN:
SF:Components/Footer/Footer.js
FN:17,Footer
FN:21,(anonymous_1)
FN:25,(anonymous_2)
FNF:3
FNH:1
FNDA:1,Footer
FNDA:0,(anonymous_1)
FNDA:0,(anonymous_2)
DA:18,1
DA:21,0
DA:25,0
DA:32,1
LF:4
LH:2
BRDA:22,0,0,0
BRDA:22,0,1,1
BRDA:26,1,0,0
BRDA:26,1,1,1
BRF:4
BRH:2
end_of_record
TN:
SF:Components/Header/Header.js
FN:17,Header
FN:22,(anonymous_1)
FNF:2
FNH:1
FNDA:1,Header
FNDA:0,(anonymous_1)
DA:18,1
DA:22,0
DA:30,1
LF:3
LH:2
BRF:0
BRH:0
end_of_record
TN:
SF:Components/HomeScreen/HomeScreen.js
FN:24,HomeScreen
FN:52,(anonymous_1)
FN:53,(anonymous_2)
FN:55,(anonymous_3)
FN:71,(anonymous_4)
FN:75,(anonymous_5)
FN:84,(anonymous_6)
FN:89,(anonymous_7)
FN:98,(anonymous_8)
FN:107,(anonymous_9)
FN:119,(anonymous_10)
FN:124,(anonymous_11)
FN:129,(anonymous_12)
FNF:13
FNH:1
FNDA:1,HomeScreen
FNDA:0,(anonymous_1)
FNDA:0,(anonymous_2)
FNDA:0,(anonymous_3)
FNDA:0,(anonymous_4)
FNDA:0,(anonymous_5)
FNDA:0,(anonymous_6)
FNDA:0,(anonymous_7)
FNDA:0,(anonymous_8)
FNDA:0,(anonymous_9)
FNDA:0,(anonymous_10)
FNDA:0,(anonymous_11)
FNDA:0,(anonymous_12)
DA:29,1
DA:33,1
DA:37,1
DA:46,1
DA:48,1
DA:50,1
DA:52,1
DA:53,0
DA:54,0
DA:55,0
DA:56,0
DA:57,0
DA:58,0
DA:59,0
DA:60,0
DA:65,0
DA:66,0
DA:71,1
DA:72,0
DA:76,0
DA:79,0
DA:84,1
DA:85,0
DA:90,0
DA:93,0
DA:98,1
DA:101,0
DA:103,0
DA:107,0
DA:119,1
DA:121,0
DA:124,1
DA:126,0
DA:129,1
DA:130,0
DA:137,1
DA:186,1
LF:37
LH:15
BRDA:54,0,0,0
BRDA:54,0,1,0
BRDA:57,1,0,0
BRDA:57,1,1,0
BRDA:57,2,0,0
BRDA:57,2,1,0
BRDA:76,3,0,0
BRDA:76,3,1,0
BRDA:76,4,0,0
BRDA:76,4,1,0
BRDA:90,5,0,0
BRDA:90,5,1,0
BRDA:90,6,0,0
BRDA:90,6,1,0
BRDA:121,7,0,0
BRDA:121,7,1,0
BRDA:126,8,0,0
BRDA:126,8,1,0
BRDA:138,9,0,1
BRDA:138,9,1,0
BRDA:143,10,0,1
BRDA:143,10,1,1
BRF:22
BRH:3
end_of_record
TN:
SF:Components/Profile/EditProfile.js
FN:25,EditProfile
FN:36,(anonymous_1)
FN:37,(anonymous_2)
FN:44,(anonymous_3)
FN:47,(anonymous_4)
FN:48,(anonymous_5)
FN:50,(anonymous_6)
FN:51,(anonymous_7)
FN:54,(anonymous_8)
FN:68,handleName
FN:69,(anonymous_10)
FN:76,handleEmail
FN:77,(anonymous_12)
FN:85,handleUpdates
FN:90,(anonymous_14)
FN:93,(anonymous_15)
FN:101,AvatarCard
FN:124,(anonymous_17)
FN:131,(anonymous_18)
FN:138,(anonymous_19)
FN:141,(anonymous_20)
FN:145,(anonymous_21)
FN:163,(anonymous_22)
FN:168,(anonymous_23)
FNF:24
FNH:3
FNDA:1,EditProfile
FNDA:0,(anonymous_1)
FNDA:0,(anonymous_2)
FNDA:0,(anonymous_3)
FNDA:0,(anonymous_4)
FNDA:0,(anonymous_5)
FNDA:0,(anonymous_6)
FNDA:0,(anonymous_7)
FNDA:0,(anonymous_8)
FNDA:0,handleName
FNDA:0,(anonymous_10)
FNDA:0,handleEmail
FNDA:0,(anonymous_12)
FNDA:0,handleUpdates
FNDA:0,(anonymous_14)
FNDA:0,(anonymous_15)
FNDA:1,AvatarCard
FNDA:0,(anonymous_17)
FNDA:0,(anonymous_18)
FNDA:0,(anonymous_19)
FNDA:3,(anonymous_20)
FNDA:0,(anonymous_21)
FNDA:0,(anonymous_22)
FNDA:0,(anonymous_23)
DA:27,1
DA:28,1
DA:33,1
DA:34,1
DA:36,1
DA:37,0
DA:38,0
DA:39,0
DA:45,0
DA:46,0
DA:47,0
DA:48,0
DA:49,0
DA:50,0
DA:51,0
DA:52,0
DA:55,0
DA:56,0
DA:62,0
DA:69,0
DA:70,0
DA:77,0
DA:78,0
DA:86,0
DA:90,0
DA:92,0
DA:94,0
DA:95,0
DA:96,0
DA:102,1
DA:120,1
DA:125,0
DA:132,0
DA:138,0
DA:141,1
DA:142,3
DA:145,0
DA:153,1
DA:163,0
DA:168,0
DA:179,1
LF:41
LH:11
BRDA:33,0,0,0
BRDA:33,0,1,1
BRDA:34,1,0,0
BRDA:34,1,1,1
BRDA:38,2,0,0
BRDA:38,2,1,0
BRDA:45,3,0,0
BRDA:45,3,1,0
BRDA:116,4,0,1
BRDA:116,4,1,0
BRF:10
BRH:3
end_of_record
TN:
SF:Components/Profile/Profile.js
FN:20,PerFormSignOut
FN:21,performSignout
FN:23,(anonymous_2)
FN:42,Profile
FN:43,AvatarCard
FN:62,(anonymous_5)
FN:67,(anonymous_6)
FN:72,(anonymous_7)
FN:77,(anonymous_8)
FN:79,(anonymous_9)
FN:86,(anonymous_10)
FN:90,(anonymous_11)
FNF:12
FNH:3
FNDA:0,PerFormSignOut
FNDA:0,performSignout
FNDA:0,(anonymous_2)
FNDA:1,Profile
FNDA:1,AvatarCard
FNDA:0,(anonymous_5)
FNDA:0,(anonymous_6)
FNDA:0,(anonymous_7)
FNDA:0,(anonymous_8)
FNDA:0,(anonymous_9)
FNDA:4,(anonymous_10)
FNDA:0,(anonymous_11)
DA:22,0
DA:23,0
DA:24,0
DA:27,0
DA:44,1
DA:58,1
DA:62,0
DA:67,0
DA:72,0
DA:78,0
DA:79,0
DA:80,0
DA:86,1
DA:87,4
DA:90,0
DA:99,1
DA:113,1
LF:17
LH:6
BRDA:54,0,0,0
BRDA:54,0,1,1
BRF:2
BRH:1
end_of_record
TN:
SF:Components/ServiceSpecific/ServiceSpecific.js
FN:23,ServiceSpecific
FN:54,(anonymous_1)
FNF:2
FNH:0
FNDA:0,ServiceSpecific
FNDA:0,(anonymous_1)
DA:26,0
DA:33,0
DA:35,0
DA:36,0
DA:37,0
DA:38,0
DA:39,0
DA:41,0
DA:43,0
DA:44,0
DA:45,0
DA:46,0
DA:50,0
DA:54,0
LF:14
LH:0
BRDA:53,0,0,0
BRDA:53,0,1,0
BRF:2
BRH:0
end_of_record
TN:
SF:Components/ServiceSpecific/styles.js
FNF:0
FNH:0
DA:2,1
LF:1
LH:1
BRF:0
BRH:0
end_of_record
TN:
SF:Components/serviceitem/index.js
FN:15,(anonymous_0)
FN:27,(anonymous_1)
FN:30,(anonymous_2)
FN:34,(anonymous_3)
FNF:4
FNH:0
FNDA:0,(anonymous_0)
FNDA:0,(anonymous_1)
FNDA:0,(anonymous_2)
FNDA:0,(anonymous_3)
DA:9,1
DA:15,1
DA:16,0
DA:17,0
DA:18,0
DA:19,0
DA:20,0
DA:27,0
DA:30,0
DA:34,0
LF:10
LH:2
BRDA:30,0,0,0
BRDA:30,0,1,0
BRDA:33,1,0,0
BRDA:33,1,1,0
BRF:4
BRH:0
end_of_record
TN:
SF:Components/serviceitem/styles.js
FNF:0
FNH:0
DA:2,1
LF:1
LH:1
BRF:0
BRH:0
end_of_record
TN:
SF:Components/serviceitemtype/index.js
FN:9,(anonymous_0)
FN:12,(anonymous_1)
FN:14,(anonymous_2)
FN:33,(anonymous_3)
FN:40,increment
FN:42,(anonymous_5)
FN:48,(anonymous_6)
FN:70,(anonymous_7)
FN:78,decrement
FN:80,(anonymous_9)
FN:86,(anonymous_10)
FN:118,(anonymous_11)
FNF:12
FNH:0
FNDA:0,(anonymous_0)
FNDA:0,(anonymous_1)
FNDA:0,(anonymous_2)
FNDA:0,(anonymous_3)
FNDA:0,increment
FNDA:0,(anonymous_5)
FNDA:0,(anonymous_6)
FNDA:0,(anonymous_7)
FNDA:0,decrement
FNDA:0,(anonymous_9)
FNDA:0,(anonymous_10)
FNDA:0,(anonymous_11)
DA:9,1
DA:10,0
DA:11,0
DA:12,0
DA:13,0
DA:14,0
DA:15,0
DA:17,0
DA:20,0
DA:21,0
DA:23,0
DA:24,0
DA:26,0
DA:27,0
DA:30,0
DA:33,0
DA:36,0
DA:38,0
DA:39,0
DA:41,0
DA:42,0
DA:43,0
DA:44,0
DA:45,0
DA:46,0
DA:47,0
DA:48,0
DA:49,0
DA:50,0
DA:52,0
DA:53,0
DA:54,0
DA:59,0
DA:60,0
DA:62,0
DA:63,0
DA:65,0
DA:66,0
DA:68,0
DA:69,0
DA:70,0
DA:71,0
DA:72,0
DA:73,0
DA:79,0
DA:80,0
DA:81,0
DA:82,0
DA:83,0
DA:84,0
DA:85,0
DA:86,0
DA:87,0
DA:88,0
DA:90,0
DA:91,0
DA:92,0
DA:95,0
DA:96,0
DA:98,0
DA:99,0
DA:101,0
DA:102,0
DA:105,0
DA:106,0
DA:107,0
DA:109,0
DA:110,0
DA:112,0
DA:113,0
DA:115,0
DA:116,0
DA:118,0
DA:119,0
DA:120,0
DA:121,0
DA:127,0
LF:77
LH:1
BRDA:15,0,0,0
BRDA:15,0,1,0
BRDA:20,1,0,0
BRDA:20,1,1,0
BRDA:23,2,0,0
BRDA:23,2,1,0
BRDA:26,3,0,0
BRDA:26,3,1,0
BRDA:43,4,0,0
BRDA:43,4,1,0
BRDA:49,5,0,0
BRDA:49,5,1,0
BRDA:59,6,0,0
BRDA:59,6,1,0
BRDA:62,7,0,0
BRDA:62,7,1,0
BRDA:65,8,0,0
BRDA:65,8,1,0
BRDA:71,9,0,0
BRDA:71,9,1,0
BRDA:81,10,0,0
BRDA:81,10,1,0
BRDA:87,11,0,0
BRDA:87,11,1,0
BRDA:95,12,0,0
BRDA:95,12,1,0
BRDA:98,13,0,0
BRDA:98,13,1,0
BRDA:101,14,0,0
BRDA:101,14,1,0
BRDA:105,15,0,0
BRDA:105,15,1,0
BRDA:109,16,0,0
BRDA:109,16,1,0
BRDA:112,17,0,0
BRDA:112,17,1,0
BRDA:115,18,0,0
BRDA:115,18,1,0
BRDA:119,19,0,0
BRDA:119,19,1,0
BRF:40
BRH:0
end_of_record
TN:
SF:Components/serviceitemtype/styles.js
FNF:0
FNH:0
DA:2,1
LF:1
LH:1
BRF:0
BRH:0
end_of_record
TN:
SF:configs/CacheManager.js
FN:8,getValue
FN:9,(anonymous_1)
FN:10,(anonymous_2)
FN:21,(anonymous_3)
FN:32,setValue
FN:42,removeValue
FN:46,cleanCache
FNF:7
FNH:0
FNDA:0,getValue
FNDA:0,(anonymous_1)
FNDA:0,(anonymous_2)
FNDA:0,(anonymous_3)
FNDA:0,setValue
FNDA:0,removeValue
FNDA:0,cleanCache
DA:9,0
DA:10,0
DA:11,0
DA:12,0
DA:14,0
DA:17,0
DA:18,0
DA:20,0
DA:22,0
DA:33,0
DA:34,0
DA:35,0
DA:39,0
DA:43,0
DA:48,0
DA:49,0
DA:51,0
LF:17
LH:0
BRDA:11,0,0,0
BRDA:11,0,1,0
BRDA:17,1,0,0
BRDA:17,1,1,0
BRF:4
BRH:0
end_of_record
TN:
SF:configs/KEYS.js
FNF:0
FNH:0
DA:1,5
DA:58,5
LF:2
LH:2
BRF:0
BRH:0
end_of_record
TN:
SF:configs/firebase-init.js
FNF:0
FNH:0
DA:3,6
DA:13,6
LF:2
LH:2
BRF:0
BRH:0
end_of_record
